<?xml version="1.0" encoding="UTF-8"?>
<!-- Generated by org.testng.reporters.JUnitReportReporter -->
<testsuite hostname="C02D2ACJMD6N" failures="0" tests="1" name="runner.TestRunner" time="15.432" errors="0" timestamp="2024-03-24T22:25:09 GMT" skipped="0">
  <testcase classname="runner.TestRunner" name="runScenario" time="15.432"/>
  <system-out/>
</testsuite> <!-- runner.TestRunner -->
