<?xml version="1.0" encoding="UTF-8"?>
<!-- Generated by org.testng.reporters.JUnitReportReporter -->
<testsuite hostname="C02D2ACJMD6N" failures="0" tests="1" name="runner.TestRunner" time="17.269" errors="0" timestamp="2024-03-24T19:40:04 GMT" skipped="0">
  <testcase classname="runner.TestRunner" name="runScenario" time="17.269"/>
  <system-out/>
</testsuite> <!-- runner.TestRunner -->
